"../../../Engine/Content/EditorBlueprintResources/StandardMacros.uasset" 0
"../../../Engine/Content/EngineSky/C_Sky_Cloud_Color.uasset" 1
"../../../Engine/Content/EngineSky/C_Sky_Horizon_Color.uasset" 2
"../../../Engine/Content/EngineSky/C_Sky_Zenith_Color.uasset" 3
"../../../Engine/Content/EngineSky/T_Sky_Blue.uasset" 4
"../../../Engine/Content/EngineSky/T_Sky_Clouds_M.uasset" 5
"../../../Engine/Content/EngineSky/T_Sky_Stars.uasset" 6
"../../../Engine/Content/EngineSky/SM_SkySphere.uasset" 7
"../../../Engine/Content/EngineSky/M_Sky_Panning_Clouds2.uasset" 8
"../../../Engine/Content/EngineSky/BP_Sky_Sphere.uasset" 9
"../../../SquadronLeader/Content/StarterContent/Materials/M_Glass.uasset" 10
"../../../Engine/Content/Functions/Engine_MaterialFunctions01/Opacity/CameraDepthFade.uasset" 11
"../../../Engine/Content/EngineMaterials/T_Default_Material_Grid_M.uasset" 12
"../../../Engine/Content/EngineMaterials/T_Default_Material_Grid_N.uasset" 13
"../../../Engine/Content/EngineMaterials/WorldGridMaterial.uasset" 14
"../../../Engine/Content/BasicShapes/Cube.uasset" 15
"../../../SquadronLeader/Content/StarterContent/Textures/T_MacroVariation.uasset" 16
"../../../SquadronLeader/Content/StarterContent/Textures/T_Metal_Aluminum_D.uasset" 17
"../../../SquadronLeader/Content/StarterContent/Textures/T_Metal_Gold_N.uasset" 18
"../../../SquadronLeader/Content/StarterContent/Materials/M_Metal_Burnished_Steel.uasset" 19
"../../../SquadronLeader/Content/Blueprints/Mesh/vaisseau1.uasset" 20
"../../../SquadronLeader/Content/Blueprints/Mesh/vaisseau1_bot.uasset" 21
"../../../SquadronLeader/Content/Blueprints/Obstacles/MainObstacle.uasset" 22
"../../../SquadronLeader/Content/Blueprints/Obstacles/Obstacle3.uasset" 23
"../../../SquadronLeader/Content/Blueprints/Obstacles/Obstacle4.uasset" 24
"../../../SquadronLeader/Content/Blueprints/Obstacles/Obstacle5.uasset" 25
"../../../SquadronLeader/Content/IA/Formation.uasset" 26
"../../../SquadronLeader/Content/Blueprints/Spaceship.uasset" 27
"../../../SquadronLeader/Content/Blueprints/Spaceship_bot.uasset" 28
"../../../SquadronLeader/Content/Menus/GameOver.uasset" 29
"../../../SquadronLeader/Content/Menus/Pause.uasset" 30
"../../../SquadronLeader/Content/UMG/HUD_Alpha.uasset" 31
"../../../SquadronLeader/Content/GameMode/Play.uasset" 32
"../../../SquadronLeader/Content/GameMode/IaGameMode.uasset" 33
"../../../SquadronLeader/Content/StarterContent/Textures/T_Ground_Grass_D.uasset" 34
"../../../SquadronLeader/Content/StarterContent/Textures/T_Ground_Grass_N.uasset" 35
"../../../SquadronLeader/Content/StarterContent/Textures/T_Perlin_Noise_M.uasset" 36
"../../../SquadronLeader/Content/StarterContent/Materials/M_Ground_Grass.uasset" 37
"../../../SquadronLeader/Content/StarterContent/Materials/M_Metal_Chrome.uasset" 38
"../../../SquadronLeader/Content/StarterContent/Textures/T_Tech_Hex_Tile_M.uasset" 39
"../../../SquadronLeader/Content/StarterContent/Textures/T_Tech_Hex_Tile_N.uasset" 40
"../../../SquadronLeader/Content/StarterContent/Materials/M_Tech_Hex_Tile_Pulse.uasset" 41
"../../../Engine/Content/EngineMaterials/DefaultMaterial.uasset" 42
"../../../Engine/Content/BasicShapes/Cylinder.uasset" 43
"../../../Engine/Content/EngineMaterials/DefaultPhysicalMaterial.uasset" 44
"../../../SquadronLeader/Content/Maps/GreenLandMap.umap" 45
"../../../SquadronLeader/Content/Menus/MainMenu.uasset" 46
"../../../SquadronLeader/Content/GameMode/MainMenu.uasset" 47
"../../../SquadronLeader/Content/StarterContent/Textures/T_Metal_Steel_D.uasset" 48
"../../../SquadronLeader/Content/StarterContent/Textures/T_Metal_Steel_N.uasset" 49
"../../../SquadronLeader/Content/StarterContent/Materials/M_Metal_Steel.uasset" 50
"../../../Engine/Content/Functions/Engine_MaterialFunctions02/Utility/BlendAngleCorrectedNormals.uasset" 51
"../../../SquadronLeader/Content/StarterContent/Materials/M_Tech_Hex_Tile.uasset" 52
"../../../SquadronLeader/Content/StarterContent/Materials/M_Basic_Floor.uasset" 53
"../../../SquadronLeader/Content/StarterContent/Architecture/Floor_400x400.uasset" 54
"../../../SquadronLeader/Content/StarterContent/Materials/M_AssetPlatform.uasset" 55
"../../../SquadronLeader/Content/StarterContent/Architecture/SM_AssetPlatform.uasset" 56
"../../../SquadronLeader/Content/StarterContent/Materials/M_Basic_Wall.uasset" 57
"../../../SquadronLeader/Content/StarterContent/Architecture/Wall_400x200.uasset" 58
"../../../SquadronLeader/Content/StarterContent/Architecture/Wall_Door_400x300.uasset" 59
"../../../SquadronLeader/Content/StarterContent/Textures/T_Lamp_M.uasset" 60
"../../../SquadronLeader/Content/StarterContent/Textures/T_Lamp_N.uasset" 61
"../../../SquadronLeader/Content/StarterContent/Props/Materials/M_Lamp.uasset" 62
"../../../SquadronLeader/Content/StarterContent/Props/SM_Lamp_Wall.uasset" 63
"../../../SquadronLeader/Content/Maps/Hangar.umap" 64
"../../../Engine/Content/EditorResources/S_Actor.uasset" 65
"../../../Engine/Content/EditorResources/SceneManager.uasset" 66
"../../../Engine/Content/EditorResources/S_Emitter.uasset" 67
"../../../Engine/Content/EditorResources/S_FTest.uasset" 68
"../../../Engine/Content/EditorResources/Bad.uasset" 69
"../../../Engine/Content/EditorResources/Bkgnd.uasset" 70
"../../../Engine/Content/EditorResources/BkgndHi.uasset" 71
"../../../Engine/Content/EditorMeshes/EditorCube.uasset" 72
"../../../Engine/Content/EditorMeshes/EditorSphere.uasset" 73
"../../../Engine/Content/EditorMeshes/EditorPlane.uasset" 74
"../../../Engine/Content/EditorMeshes/EditorCylinder.uasset" 75
"../../../Engine/Content/EngineFonts/Roboto.uasset" 76
"../../../Engine/Content/Maps/Templates/Thumbnails/Default.uasset" 77
"../../../Engine/Content/Functions/Engine_MaterialFunctions01/Shading/PowerToRoughness.uasset" 78
"../../../Engine/Content/EngineMaterials/DefaultDiffuse.uasset" 79
"../../../Engine/Content/EngineMaterials/DefaultDeferredDecalMaterial.uasset" 80
"../../../Engine/Content/EngineMaterials/DefaultLightFunctionMaterial.uasset" 81
"../../../Engine/Content/Functions/Engine_MaterialFunctions02/Utility/BreakOutFloat2Components.uasset" 82
"../../../Engine/Content/EngineMaterials/DefaultPostProcessMaterial.uasset" 83
"../../../Engine/Content/EditorMaterials/Thumbnails/SkySphereMaterial.uasset" 84
"../../../Engine/Content/EditorMeshes/EditorSkySphere.uasset" 85
"../../../Engine/Content/EngineMaterials/Grid.uasset" 86
"../../../Engine/Content/EditorMaterials/Thumbnails/FloorPlaneMaterial.uasset" 87
"../../../Engine/Content/EditorMaterials/ParticleSystems/PSysThumbnail_NoImage.uasset" 88
"../../../Engine/Content/EditorMaterials/ParticleSystems/PSysThumbnail_OOD.uasset" 89
"../../../Engine/Content/EditorResources/S_DecalActorIcon.uasset" 90
"../../../Engine/Content/EditorLandscapeResources/LandscapeGizmo_Mat.uasset" 91
"../../../Engine/Content/EditorLandscapeResources/LandscapeGizmo_Mat_Copied.uasset" 92
"../../../Engine/Content/EditorLandscapeResources/LandscapeGizmoHeight_Mat.uasset" 93
"../../../Engine/Content/EditorLandscapeResources/DataLayer.uasset" 94
"../../../Engine/Content/EditorResources/S_Terrain.uasset" 95
"../../../Engine/Content/EditorLandscapeResources/SplineEditorMeshMat.uasset" 96
"../../../Engine/Content/EditorLandscapeResources/SplineEditorMesh.uasset" 97
"../../../Engine/Content/EngineResources/DefaultTexture.uasset" 98
"../../../Engine/Content/Functions/Engine_MaterialFunctions02/Texturing/ScreenAlignedUVs.uasset" 99
"../../../Engine/Content/EngineResources/WhiteSquareTexture.uasset" 100
"../../../Engine/Content/EngineMaterials/Widget3DPassThrough.uasset" 101
"../../../Engine/Content/EngineMaterials/Widget3DPassThrough_Translucent.uasset" 102
"../../../Engine/Content/EngineMaterials/Widget3DPassThrough_Translucent_OneSided.uasset" 103
"../../../Engine/Content/EngineMaterials/Widget3DPassThrough_Opaque.uasset" 104
"../../../Engine/Content/EngineMaterials/Widget3DPassThrough_Opaque_OneSided.uasset" 105
"../../../Engine/Content/EngineMaterials/Widget3DPassThrough_Masked.uasset" 106
"../../../Engine/Content/EngineMaterials/Widget3DPassThrough_Masked_OneSided.uasset" 107
"../../../Engine/Content/EditorResources/MatineeCam_D.uasset" 108
"../../../Engine/Content/EditorMaterials/MatineeCam_mat.uasset" 109
"../../../Engine/Content/EditorMeshes/MatineeCam_SM.uasset" 110
"../../../Engine/Content/Functions/Engine_MaterialFunctions02/Utility/Sign.uasset" 111
"../../../Engine/Content/Functions/Engine_MaterialFunctions02/Utility/Round.uasset" 112
"../../../Engine/Content/Functions/Engine_MaterialFunctions02/ExampleContent/Textures/flipbook.uasset" 113
"../../../Engine/Content/Functions/Engine_MaterialFunctions02/Texturing/FlipBook.uasset" 114
"../../../Engine/Content/EditorResources/T_EditorHelp.uasset" 115
"../../../Engine/Content/EditorMaterials/HelpActorMaterial.uasset" 116
"../../../Engine/Content/EditorResources/S_ExpoHeightFog.uasset" 117
"../../../Engine/Content/EditorResources/S_NavP.uasset" 118
"../../../Engine/Content/EditorResources/S_Player.uasset" 119
"../../../Engine/Content/EditorResources/LightIcons/SkyLight.uasset" 120
"../../../Engine/Content/EditorResources/S_WindDirectional.uasset" 121
"../../../Engine/Content/EngineDamageTypes/DmgTypeBP_Environmental.uasset" 122
"../../../Engine/Content/EditorResources/LightIcons/S_LightDirectional.uasset" 123
"../../../Engine/Content/EditorResources/LightIcons/S_LightDirectionalMove.uasset" 124
"../../../Engine/Content/EditorResources/LightIcons/S_LightPoint.uasset" 125
"../../../Engine/Content/EditorResources/LightIcons/S_LightPointMove.uasset" 126
"../../../Engine/Content/EditorResources/LightIcons/S_LightSpot.uasset" 127
"../../../Engine/Content/EditorResources/LightIcons/S_LightSpotMove.uasset" 128
"../../../Engine/Content/EditorResources/MatInstActSprite.uasset" 129
"../../../Engine/Content/EditorResources/AI/S_NavLink.uasset" 130
"../../../Engine/Content/EditorResources/S_Note.uasset" 131
"../../../Engine/Content/EngineMeshes/Sphere.uasset" 132
"../../../Engine/Content/EditorResources/S_ReflActorIcon.uasset" 133
"../../../Engine/Content/EditorResources/S_Thruster.uasset" 134
"../../../Engine/Content/EditorResources/S_RadForce.uasset" 135
"../../../Engine/Content/EngineFonts/RobotoDistanceField.uasset" 136
"../../../Engine/Content/EngineMaterials/DefaultTextMaterialOpaque.uasset" 137
"../../../Engine/Content/EditorResources/S_TextRenderActorIcon.uasset" 138
"../../../Engine/Content/EditorResources/S_Trigger.uasset" 139
"../../../Engine/Content/EditorResources/S_VectorFieldVol.uasset" 140
"../../../Engine/Content/EngineResources/GradientTexture0.uasset" 141
"../../../Engine/Content/EngineResources/Black.uasset" 142
"../../../Engine/Content/EditorMaterials/MatineeGroups/MAT_Groups_Float.uasset" 143
"../../../Engine/Content/EditorMaterials/MatineeGroups/MAT_Groups_Director.uasset" 144
"../../../Engine/Content/EditorMaterials/MatineeGroups/MAT_Groups_Event.uasset" 145
"../../../Engine/Content/EditorMaterials/MatineeGroups/MAT_Groups_Anim.uasset" 146
"../../../Engine/Content/EditorMaterials/MatineeGroups/MAT_Groups_Fade.uasset" 147
"../../../Engine/Content/EditorMaterials/MatineeGroups/MAT_Groups_Move.uasset" 148
"../../../Engine/Content/EditorMaterials/MatineeGroups/MAT_Groups_Slomo.uasset" 149
"../../../Engine/Content/EditorMaterials/MatineeGroups/MAT_ColorTrack.uasset" 150
"../../../Engine/Content/EditorMaterials/MAT_Groups_Toggle.uasset" 151
"../../../Engine/Content/EditorMaterials/MatineeGroups/MAT_Groups_AudioMaster.uasset" 152
"../../../Engine/Content/EditorMaterials/MatineeGroups/MAT_Groups_Sound.uasset" 153
"../../../Engine/Content/EditorMaterials/MatineeGroups/MAT_Groups_Vector.uasset" 154
"../../../Engine/Content/EditorMaterials/MAT_Groups_Visibility.uasset" 155
"../../../Engine/Content/EngineResources/DefaultTextureCube.uasset" 156
"../../../Engine/Content/EngineMeshes/Cylinder.uasset" 157
"../../../Engine/Content/EngineTireTypes/DefaultTireType.uasset" 158
"../../../Engine/Content/EngineResources/AICON-Red.uasset" 159
"../../../Engine/Content/EngineResources/AICON-Green.uasset" 160
"../../../Engine/Plugins/2D/Paper2D/Content/PlaceholderTextures/DummySpriteTexture.uasset" 161
"../../../Engine/Plugins/2D/Paper2D/Content/DefaultSpriteMaterial.uasset" 162
"../../../Engine/Plugins/2D/Paper2D/Content/MaskedUnlitSpriteMaterial.uasset" 163
"../../../Engine/Plugins/2D/Paper2D/Content/OpaqueUnlitSpriteMaterial.uasset" 164
"../../../Engine/Plugins/2D/Paper2D/Content/DummySprite.uasset" 165
"../../../Engine/Plugins/2D/Paper2D/Content/DefaultPaperTerrainMaterial.uasset" 166
"../../../Engine/Content/EditorSounds/Notifications/CompileSuccess.uasset" 167
"../../../Engine/Content/EditorSounds/Notifications/CompileStart_Cue.uasset" 168
"../../../Engine/Content/EditorSounds/Notifications/CompileSuccess_Cue.uasset" 169
"../../../Engine/Content/EditorSounds/Notifications/CompileFailed.uasset" 170
"../../../Engine/Content/EditorSounds/Notifications/CompileFailed_Cue.uasset" 171
"../../../Engine/Content/BufferVisualization/BaseColor.uasset" 172
"../../../Engine/Content/BufferVisualization/CustomDepth.uasset" 173
"../../../Engine/Content/Functions/Engine_MaterialFunctions02/Utility/MakeFloat2.uasset" 174
"../../../Engine/Content/Functions/Engine_MaterialFunctions02/Utility/MakeFloat3.uasset" 175
"../../../Engine/Content/EngineMaterials/MiniFont.uasset" 176
"../../../Engine/Content/BufferVisualization/CustomStencil.uasset" 177
"../../../Engine/Content/BufferVisualization/DecalMask.uasset" 178
"../../../Engine/Content/BufferVisualization/FinalImage.uasset" 179
"../../../Engine/Content/BufferVisualization/LightingModel.uasset" 180
"../../../Engine/Content/BufferVisualization/MaterialAO.uasset" 181
"../../../Engine/Content/BufferVisualization/Metallic.uasset" 182
"../../../Engine/Content/BufferVisualization/Opacity.uasset" 183
"../../../Engine/Content/BufferVisualization/Roughness.uasset" 184
"../../../Engine/Content/BufferVisualization/SceneColor.uasset" 185
"../../../Engine/Content/BufferVisualization/SceneDepth.uasset" 186
"../../../Engine/Content/BufferVisualization/SeparateTranslucencyRGB.uasset" 187
"../../../Engine/Content/BufferVisualization/SeparateTranslucencyA.uasset" 188
"../../../Engine/Content/BufferVisualization/Specular.uasset" 189
"../../../Engine/Content/BufferVisualization/SubsurfaceColor.uasset" 190
"../../../Engine/Content/BufferVisualization/WorldNormal.uasset" 191
"../../../Engine/Content/BufferVisualization/AmbientOcclusion.uasset" 192
"../../../Engine/Content/Functions/Engine_MaterialFunctions02/Utility/VectorLength.uasset" 193
"../../../Engine/Content/BufferVisualization/CustomDepthWorldUnits.uasset" 194
"../../../Engine/Content/BufferVisualization/SceneDepthWorldUnits.uasset" 195
"../../../Engine/Content/EngineMaterials/HighResolutionScreenshotMaskFunction.uasset" 196
"../../../Engine/Content/EngineMaterials/HighResScreenshot.uasset" 197
"../../../Engine/Content/EngineMaterials/HighResScreenshotMask.uasset" 198
"../../../Engine/Content/EngineMaterials/HighResScreenshotCaptureRegion.uasset" 199
"../../../Engine/Content/EngineDebugMaterials/WireframeMaterial.uasset" 200
"../../../Engine/Content/Functions/Engine_MaterialFunctions01/Shading/ConvertFromDiffSpec.uasset" 201
"../../../Engine/Content/EngineDebugMaterials/LevelColorationLitMaterial.uasset" 202
"../../../Engine/Content/EngineDebugMaterials/LevelColorationUnlitMaterial.uasset" 203
"../../../Engine/Content/EngineMaterials/DefaultWhiteGrid.uasset" 204
"../../../Engine/Content/EngineDebugMaterials/MAT_LevelColorationLitLightmapUV.uasset" 205
"../../../Engine/Content/EngineDebugMaterials/ShadedLevelColorationLitMaterial.uasset" 206
"../../../Engine/Content/EngineDebugMaterials/ShadedLevelColorationUnlitMateri.uasset" 207
"../../../Engine/Content/EngineDebugMaterials/VertexColorMaterial.uasset" 208
"../../../Engine/Content/EngineDebugMaterials/VertexColorViewMode_ColorOnly.uasset" 209
"../../../Engine/Content/EngineDebugMaterials/VertexColorViewMode_AlphaAsColor.uasset" 210
"../../../Engine/Content/EngineDebugMaterials/VertexColorViewMode_RedOnly.uasset" 211
"../../../Engine/Content/EngineDebugMaterials/VertexColorViewMode_GreenOnly.uasset" 212
"../../../Engine/Content/EngineDebugMaterials/VertexColorViewMode_BlueOnly.uasset" 213
"../../../Engine/Content/EngineMaterials/RemoveSurfaceMaterial.uasset" 214
"../../../Engine/Content/EngineDebugMaterials/DebugMeshMaterial.uasset" 215
"../../../Engine/Content/EngineMaterials/InvalidLightmapSettings.uasset" 216
"../../../Engine/Content/EngineMaterials/M_InvalidLightmapSettings.uasset" 217
"../../../Engine/Content/EditorMaterials/GizmoMaterial.uasset" 218
"../../../Engine/Content/EngineDebugMaterials/GeomMaterial.uasset" 219
"../../../Engine/Content/EngineMaterials/EditorBrushMaterial.uasset" 220
"../../../Engine/Content/EngineDebugMaterials/HeatmapGradient.uasset" 221
"../../../Engine/Content/EngineDebugMaterials/BoneWeightMaterial.uasset" 222
"../../../Engine/Content/EditorMaterials/PreviewShadowIndicator.uasset" 223
"../../../Engine/Content/EditorMaterials/PreviewShadowIndicatorMaterial.uasset" 224
"../../../Engine/Content/EditorMaterials/PhAT_JointLimitMaterial.uasset" 225
"../../../Engine/Content/EditorResources/BSPVertex.uasset" 226
"../../../Engine/Content/EngineMaterials/Good64x64TilingNoiseHighFreq.uasset" 227
"../../../Engine/Content/EngineMaterials/DefaultBokeh.uasset" 228
"../../../Engine/Content/EngineMaterials/PreintegratedSkinBRDF.uasset" 229
"../../../Engine/Content/EngineMaterials/WeightMapPlaceholderTexture.uasset" 230
"../../../Engine/Content/EngineFonts/RobotoTiny.uasset" 231
"../../../Engine/Content/Tutorial/Basics/LevelEditorAttract.uasset" 232
"../../../Engine/Content/Tutorial/ContentIntroCurve.uasset" 233
"../../../Engine/Content/EditorMaterials/Cross.uasset" 234
"../../../Engine/Content/EditorMaterials/Cross_Mat.uasset" 235
"../../../Engine/Content/EditorMaterials/PhAT_BoneSelectedMaterial.uasset" 236
"../../../Engine/Content/EditorMaterials/PhAT_ElemSelectedMaterial.uasset" 237
"../../../Engine/Content/EditorMaterials/PhAT_NoCollisionMaterial.uasset" 238
"../../../Engine/Content/EditorMaterials/PhAT_UnselectedMaterial.uasset" 239
"../../../Engine/Content/EditorMaterials/Tick.uasset" 240
"../../../Engine/Content/EditorMaterials/Tick_Mat.uasset" 241
"../../../Engine/Content/EditorMaterials/WidgetGridVertexColorMaterial.uasset" 242
"../../../Engine/Content/EditorMaterials/WidgetGridVertexColorMaterial_Ma.uasset" 243
"../../../Engine/Content/EditorMaterials/WidgetMaterial.uasset" 244
"../../../Engine/Content/EditorMaterials/WidgetMaterial_Current.uasset" 245
"../../../Engine/Content/EditorMaterials/WidgetMaterial_X.uasset" 246
"../../../Engine/Content/EditorMaterials/WidgetMaterial_Y.uasset" 247
"../../../Engine/Content/EditorMaterials/WidgetMaterial_Z.uasset" 248
"../../../Engine/Content/EditorMaterials/WidgetVertexColorMaterial.uasset" 249
"../../../Engine/Content/EditorMaterials/CompositeARGBLayer.uasset" 250
"../../../Engine/Content/EditorMaterials/TilingAALineIntegral.uasset" 251
"../../../Engine/Content/EditorMaterials/TilingAALineBoxFiltered.uasset" 252
"../../../Engine/Content/Functions/Engine_MaterialFunctions03/Procedurals/ComputeFilterWidth.uasset" 253
"../../../Engine/Content/EditorMaterials/TilingAADots.uasset" 254
"../../../Engine/Content/EditorMaterials/Cascade/CASC_Cross.uasset" 255
"../../../Engine/Content/EditorMaterials/Cascade/CASC_None.uasset" 256
"../../../Engine/Content/Functions/Engine_MaterialFunctions03/Blends/Blend_Screen.uasset" 257
"../../../Engine/Content/EditorMaterials/TilingAAGrid.uasset" 258
"../../../Engine/Content/EditorMaterials/LevelGridMaterial.uasset" 259
"../../../Engine/Content/EditorResources/SmallFont.uasset" 260
"../../../Engine/Content/EditorResources/S_KBSJoint.uasset" 261
"../../../Engine/Content/EditorResources/S_KHinge.uasset" 262
"../../../Engine/Content/EditorResources/S_KPrismatic.uasset" 263
"../../../Engine/Content/EditorResources/LightIcons/S_LightError.uasset" 264
"../../../Engine/Content/EditorResources/Spline/T_Loft_Spline.uasset" 265
"../../../Engine/Content/EngineMaterials/BlinkingCaret.uasset" 266
"../../../Engine/Content/EngineMaterials/DefaultNormal.uasset" 267
"../../../Engine/Content/EngineMaterials/Grid_N.uasset" 268
"../../../Engine/Content/EngineMaterials/LandscapeHolePhysicalMaterial.uasset" 269
"../../../Engine/Content/EngineMaterials/PaperDiffuse.uasset" 270
"../../../Engine/Content/EngineMaterials/PaperNormal.uasset" 271
"../../../Engine/Content/EngineMaterials/PhysMat_Rubber.uasset" 272
"../../../Engine/Content/EngineFonts/SmallFont.uasset" 273
"../../../Engine/Content/EngineFonts/TinyFont.uasset" 274
"../../../Engine/Content/EngineResources/StreamingPauseIcon.uasset" 275
"../../../Engine/Content/EngineResources/M_StreamingPause.uasset" 276
"../../../Engine/Content/EditorLandscapeResources/DefaultAlphaTexture.uasset" 277
"../../../Engine/Content/MapTemplates/SM_Template_Map_Floor.uasset" 278
"../../../Engine/Content/EditorResources/EmptyActor.uasset" 279
"../../../Engine/Content/BasicShapes/Sphere.uasset" 280
"../../../Engine/Content/BasicShapes/Cone.uasset" 281
"../../../Engine/Content/Tutorial/Basics/TutorialAssets/icon_tab_Levels_40x.uasset" 282
"../../../Engine/Content/Tutorial/Basics/LevelEditorOverview.uasset" 283
"../../../Engine/Content/EditorMaterials/MakeCompositeARGBLayer.uasset" 284
"../../../Engine/Content/EditorResources/LevelGrid1DStripes.uasset" 285
"../../../Engine/Content/EditorMaterials/TextureGridCascaded1D.uasset" 286
"../../../Engine/Content/EditorMaterials/TextureGridCascaded2D.uasset" 287
"../../../Engine/Content/EditorMaterials/LevelGridMaterial2.uasset" 288
"../../../Engine/Content/ArtTools/RenderToTexture/Enums/RenderToTexture_Imposter_Enum.uasset" 289
"../../../Engine/Content/ArtTools/RenderToTexture/Enums/RenderToTexture_Flipbook_Enum.uasset" 290
"../../../Engine/Content/ArtTools/RenderToTexture/Enums/RenderToTexture_Enum.uasset" 291
"../../../Engine/Content/Tutorial/BlueprintTutorials/TutorialAssets/Tutorial_BP_MacroLib.uasset" 292
"../../../Engine/Content/EditorBlueprintResources/ActorMacros.uasset" 293
"../../../Engine/Content/EditorSounds/GamePreview/EndPlayInEditor.uasset" 294
"../../../Engine/Content/EditorSounds/GamePreview/EndPlayInEditor_Cue.uasset" 295
"../../../Engine/Content/EditorSounds/GamePreview/StartPlayInEditor.uasset" 296
"../../../Engine/Content/EditorSounds/GamePreview/StartPlayInEditor_Cue.uasset" 297
"../../../SquadronLeader/Content/StarterContent/Blueprints/Assets/FogBrightnessLUT.uasset" 298
"../../../SquadronLeader/Content/StarterContent/Blueprints/Assets/SunlightColorLUT.uasset" 299
"../../../SquadronLeader/Content/StarterContent/Blueprints/Assets/M_LightStage_Arrows.uasset" 300
"../../../Engine/Content/MapTemplates/Sky/DaylightAmbientCubemap.uasset" 301
"../../../SquadronLeader/Content/StarterContent/Blueprints/Assets/M_LightStage_Skybox_Master.uasset" 302
"../../../SquadronLeader/Content/StarterContent/Blueprints/Assets/M_LightStage_Skybox_Black.uasset" 303
"../../../SquadronLeader/Content/StarterContent/Blueprints/Assets/M_LightStage_Skybox_HDRI.uasset" 304
"../../../SquadronLeader/Content/StarterContent/Blueprints/Assets/Skybox.uasset" 305
"../../../SquadronLeader/Content/StarterContent/Blueprints/Assets/SM_Arrows.uasset" 306
"../../../SquadronLeader/Content/StarterContent/HDRI/HDRI_Epic_Courtyard_Daylight.uasset" 307
"../../../SquadronLeader/Content/StarterContent/Blueprints/BP_LightStudio.uasset" 308
"../../../Engine/Content/ArtTools/RenderToTexture/Enums/EFloatTypes.uasset" 309
"../../../Engine/Content/ArtTools/RenderToTexture/Macros/RenderToTextureMacros.uasset" 310
"../../../Engine/Content/Tutorial/BlueprintTutorials/TutorialAssets/Blueprint_64x.uasset" 311
"../../../Engine/Content/Tutorial/BlueprintTutorials/BlueprintEditorTutorial.uasset" 312
"../../../SquadronLeader/Content/StarterContent/Blueprints/Blueprint_WallSconce.uasset" 313
"../../../SquadronLeader/Content/StarterContent/Audio/Steam01.uasset" 314
"../../../SquadronLeader/Content/StarterContent/Audio/Steam01_Cue.uasset" 315
"../../../SquadronLeader/Content/StarterContent/Textures/T_Smoke_SubUV.uasset" 316
"../../../SquadronLeader/Content/StarterContent/Textures/T_Smoke_Tiled_D.uasset" 317
"../../../SquadronLeader/Content/StarterContent/Particles/Materials/M_smoke_subUV.uasset" 318
"../../../SquadronLeader/Content/StarterContent/Particles/P_Steam_Lit.uasset" 319
"../../../SquadronLeader/Content/StarterContent/Blueprints/Blueprint_Effect_Steam.uasset" 320
"../../../SquadronLeader/Content/StarterContent/Audio/Fire_Sparks01.uasset" 321
"../../../SquadronLeader/Content/StarterContent/Audio/Fire_Sparks01_Cue.uasset" 322
"../../../Engine/Content/Functions/Engine_MaterialFunctions01/Gradient/RadialGradient.uasset" 323
"../../../SquadronLeader/Content/StarterContent/Particles/Materials/M_Radial_Gradient.uasset" 324
"../../../SquadronLeader/Content/StarterContent/Textures/T_Spark_Core.uasset" 325
"../../../SquadronLeader/Content/StarterContent/Particles/Materials/M_Spark.uasset" 326
"../../../SquadronLeader/Content/StarterContent/Particles/P_Sparks.uasset" 327
"../../../SquadronLeader/Content/StarterContent/Blueprints/Blueprint_Effect_Sparks.uasset" 328
"../../../SquadronLeader/Content/StarterContent/Audio/Smoke01.uasset" 329
"../../../SquadronLeader/Content/StarterContent/Audio/Smoke01_Cue.uasset" 330
"../../../SquadronLeader/Content/StarterContent/Particles/P_Smoke.uasset" 331
"../../../SquadronLeader/Content/StarterContent/Blueprints/Blueprint_Effect_Smoke.uasset" 332
"../../../SquadronLeader/Content/StarterContent/Audio/Fire01.uasset" 333
"../../../SquadronLeader/Content/StarterContent/Audio/Fire01_Cue.uasset" 334
"../../../SquadronLeader/Content/StarterContent/Textures/T_Fire_SubUV.uasset" 335
"../../../SquadronLeader/Content/StarterContent/Textures/T_Fire_Tiled_D.uasset" 336
"../../../SquadronLeader/Content/StarterContent/Particles/Materials/M_Fire_SubUV.uasset" 337
"../../../SquadronLeader/Content/StarterContent/Textures/T_Water_N.uasset" 338
"../../../SquadronLeader/Content/StarterContent/Particles/Materials/M_Heat_Distortion.uasset" 339
"../../../SquadronLeader/Content/StarterContent/Particles/P_Fire.uasset" 340
"../../../SquadronLeader/Content/StarterContent/Blueprints/Blueprint_Effect_Fire.uasset" 341
"../../../SquadronLeader/Content/StarterContent/Audio/Explosion01.uasset" 342
"../../../SquadronLeader/Content/StarterContent/Audio/Explosion02.uasset" 343
"../../../SquadronLeader/Content/StarterContent/Audio/Explosion_Cue.uasset" 344
"../../../SquadronLeader/Content/StarterContent/Textures/T_Burst_M.uasset" 345
"../../../SquadronLeader/Content/StarterContent/Particles/Materials/M_Burst.uasset" 346
"../../../SquadronLeader/Content/StarterContent/Textures/T_Explosion_SubUV.uasset" 347
"../../../SquadronLeader/Content/StarterContent/Particles/Materials/M_explosion_subUV.uasset" 348
"../../../SquadronLeader/Content/StarterContent/Particles/Materials/m_flare_01.uasset" 349
"../../../SquadronLeader/Content/StarterContent/Particles/Materials/M_radial_ramp.uasset" 350
"../../../SquadronLeader/Content/StarterContent/Particles/P_Explosion.uasset" 351
"../../../SquadronLeader/Content/StarterContent/Blueprints/Blueprint_Effect_Explosion.uasset" 352
"../../../Engine/Content/Tutorial/SubEditors/TutorialAssets/icon_ShowSkeletalMeshes_40x.uasset" 353
"../../../Engine/Content/Tutorial/SubEditors/TutorialAssets/Character/TutorialTPP_Mat.uasset" 354
"../../../Engine/Content/Tutorial/SubEditors/TutorialAssets/Character/TutorialTPP_PhysicsAsset.uasset" 355
"../../../Engine/Content/Tutorial/SubEditors/TutorialAssets/Character/TutorialTPP.uasset" 356
"../../../Engine/Content/Tutorial/SubEditors/TutorialAssets/Character/TutorialTPP_Skeleton.uasset" 357
"../../../Engine/Content/Tutorial/SubEditors/TutorialAssets/Character/Tutorial_Idle.uasset" 358
"../../../Engine/Content/Tutorial/SubEditors/TutorialAssets/Character/Tutorial_Walk_Fwd.uasset" 359
"../../../Engine/Content/Tutorial/SubEditors/TutorialAssets/Character/NewBlendSpace1D.uasset" 360
"../../../Engine/Content/Tutorial/SubEditors/PersonaAnimEditorWalkthrough.uasset" 361
"../../../SquadronLeader/Content/StarterContent/Props/SM_Lamp_Ceiling.uasset" 362
"../../../SquadronLeader/Content/StarterContent/Blueprints/Blueprint_CeilingLight.uasset" 363
"../../../Engine/Content/EngineMeshes/SkeletalCube_Skeleton.uasset" 364
"../../../Engine/Content/Tutorial/SubEditors/TutorialAssets/TutorialAnimationBlueprint.uasset" 365
"../../../Engine/Content/Tutorial/SubEditors/TutorialAssets/Character/TutorialCharacter.uasset" 366
"../../../Engine/Content/Tutorial/SubEditors/TutorialAssets/Character/TutorialTPP_AnimBlueprint.uasset" 367
"../../../Engine/Content/Tutorial/SubEditors/PersonaWalkthrough.uasset" 368
"../../../Engine/Content/Tutorial/SubEditors/ParticleSystemEditorTutorial.uasset" 369
"../../../Engine/Content/Tutorial/SubEditors/MaterialEditorTutorial.uasset" 370
"../../../Engine/Content/Tutorial/Mobile/SettingUpAndroidTutorial.uasset" 371
"../../../Engine/Content/Tutorial/Mobile/InstallingiTunesTutorial.uasset" 372
"../../../Engine/Content/Tutorial/Landscape/TutorialAssets/Landscape.uasset" 373
"../../../Engine/Content/Tutorial/Landscape/LandscapeWalkThrough.uasset" 374
"../../../Engine/Content/Tutorial/Foliage/TutorialAssets/Foliage.uasset" 375
"../../../Engine/Content/Tutorial/Foliage/Foliage_Settings_Tutorial.uasset" 376
"../../../Engine/Content/Tutorial/Foliage/Foliage_Using_The_Tool_Tutorial.uasset" 377
"../../../Engine/Content/Tutorial/Foliage/Foliage_Intro_Tutorial.uasset" 378
"../../../Engine/Content/Tutorial/Foliage/FoliageWalkThrough.uasset" 379
"../../../Engine/Content/Tutorial/BlueprintTutorials/LevelBlueprintEditorOverview.uasset" 380
"../../../Engine/Content/Tutorial/BlueprintTutorials/ClassBlueprintsEditorOverview.uasset" 381
"../../../Engine/Content/Tutorial/Basics/FeaturePacks.uasset" 382
"../../../Engine/Content/EditorMaterials/AntialiasedGridFloor.uasset" 383
"../../../Engine/Content/EditorResources/TilePatine_D.uasset" 384
"../../../Engine/Content/EditorResources/TilePatine_N.uasset" 385
"../../../Engine/Content/EditorMaterials/PersonaFloorMat.uasset" 386
"../../../Engine/Content/EditorMaterials/GridMaterial.uasset" 387
"../../../Engine/Content/EditorMeshes/PhAT_FloorBox.uasset" 388
"../../../Engine/Content/EditorMaterials/TargetIcon.uasset" 389
"../../../Engine/Content/FunctionalTesting/Blueprints/AITesting_MoveGoal.uasset" 390
"../../../Engine/Content/MobileResources/HUD/MobileHUDButton1_off.uasset" 391
"../../../Engine/Content/MobileResources/HUD/MobileHUDDirectionPad3.uasset" 392
"../../../Engine/Content/MobileResources/HUD/MobileHUDButton3.uasset" 393
"../../../Engine/Content/MobileResources/T_MobileMenu2.uasset" 394
"../../../Engine/Content/MobileResources/HUD/MobileHUDButton2_off.uasset" 395
"../../../Engine/Content/MobileResources/HUD/MobileHUDDirectionPad.uasset" 396
"../../../Engine/Content/MobileResources/HUD/T_Castle_ThumbstickInner.uasset" 397
"../../../Engine/Content/MobileResources/T_MobileControls_texture.uasset" 398
"../../../Engine/Content/MobileResources/HUD/AnalogHat.uasset" 399
"../../../Engine/Content/MobileResources/HUD/VirtualJoystick_Background.uasset" 400
"../../../Engine/Content/MobileResources/HUD/VirtualJoystick_Thumb.uasset" 401
"../../../Engine/Content/MobileResources/HUD/DefaultVirtualJoysticks.uasset" 402
"../../../Engine/Content/MobileResources/HUD/LeftVirtualJoystickOnly.uasset" 403
"../../../Engine/Content/MobileResources/HUD/MobileHUDButton1_on.uasset" 404
"../../../Engine/Content/MobileResources/HUD/MobileHUDButton2_on.uasset" 405
"../../../Engine/Content/MobileResources/HUD/MobileHUDButtonFire.uasset" 406
"../../../Engine/Content/MobileResources/HUD/MobileHUDDirectionPad2.uasset" 407
"../../../Engine/Content/MobileResources/HUD/MobileHUDDirectionStick.uasset" 408
"../../../Engine/Content/MobileResources/HUD/T_Castle_ThumbstickOutter.uasset" 409
"../../../SquadronLeader/Content/GameMode/FlyMode.uasset" 410
